<?xml version="1.0" encoding="UTF-8"?>
<testng-results skipped="0" failed="0" ignored="0" total="1" passed="1">
  <reporter-output>
  </reporter-output>
  <suite name="Default suite" duration-ms="8855" started-at="2021-09-04T13:19:36 IST" finished-at="2021-09-04T13:19:45 IST">
    <groups>
    </groups>
    <test name="Default test" duration-ms="8855" started-at="2021-09-04T13:19:36 IST" finished-at="2021-09-04T13:19:45 IST">
      <class name="home.Modluedd">
        <test-method status="PASS" signature="openBrowser()[pri:0, instance:home.Modluedd@5ed828d]" name="openBrowser" is-config="true" duration-ms="5980" started-at="2021-09-04T13:19:36 IST" finished-at="2021-09-04T13:19:42 IST">
          <reporter-output>
          </reporter-output>
        </test-method> <!-- openBrowser -->
        <test-method status="PASS" signature="moduledd()[pri:0, instance:home.Modluedd@5ed828d]" name="moduledd" duration-ms="1672" started-at="2021-09-04T13:19:42 IST" finished-at="2021-09-04T13:19:44 IST">
          <reporter-output>
          </reporter-output>
        </test-method> <!-- moduledd -->
        <test-method status="PASS" signature="closeBrowser()[pri:0, instance:home.Modluedd@5ed828d]" name="closeBrowser" is-config="true" duration-ms="1159" started-at="2021-09-04T13:19:44 IST" finished-at="2021-09-04T13:19:45 IST">
          <reporter-output>
          </reporter-output>
        </test-method> <!-- closeBrowser -->
      </class> <!-- home.Modluedd -->
    </test> <!-- Default test -->
  </suite> <!-- Default suite -->
</testng-results>
