<?xml version="1.0" encoding="UTF-8"?>
<testng-results ignored="0" total="1" passed="1" failed="0" skipped="0">
  <reporter-output>
  </reporter-output>
  <suite started-at="2021-09-06T23:56:36 IST" name="Default suite" finished-at="2021-09-06T23:56:49 IST" duration-ms="12827">
    <groups>
    </groups>
    <test started-at="2021-09-06T23:56:36 IST" name="Default test" finished-at="2021-09-06T23:56:49 IST" duration-ms="12827">
      <class name="purchaseorders.Createviewtest">
        <test-method is-config="true" signature="openBrowser()[pri:0, instance:purchaseorders.Createviewtest@53976f5c]" started-at="2021-09-06T23:56:36 IST" name="openBrowser" finished-at="2021-09-06T23:56:42 IST" duration-ms="6312" status="PASS">
          <reporter-output>
          </reporter-output>
        </test-method> <!-- openBrowser -->
        <test-method signature="createview()[pri:0, instance:purchaseorders.Createviewtest@53976f5c]" started-at="2021-09-06T23:56:42 IST" name="createview" finished-at="2021-09-06T23:56:48 IST" duration-ms="5262" status="PASS">
          <reporter-output>
          </reporter-output>
        </test-method> <!-- createview -->
        <test-method is-config="true" signature="closeBrowser()[pri:0, instance:purchaseorders.Createviewtest@53976f5c]" started-at="2021-09-06T23:56:48 IST" name="closeBrowser" finished-at="2021-09-06T23:56:49 IST" duration-ms="1207" status="PASS">
          <reporter-output>
          </reporter-output>
        </test-method> <!-- closeBrowser -->
      </class> <!-- purchaseorders.Createviewtest -->
    </test> <!-- Default test -->
  </suite> <!-- Default suite -->
</testng-results>
